{
  "0 debug pnpm:scope": {
    "selected": 1
  },
  "1 error pnpm": {
    "code": "ELIFECYCLE",
    "errno": "ENOENT",
    "syscall": "spawn",
    "file": "sh",
    "pkgid": "@",
    "stage": "serve",
    "script": "webpack serve",
    "err": {
      "name": "pnpm",
      "message": "@ serve: `webpack serve`\nspawn ENOENT",
      "code": "ELIFECYCLE",
      "stack": "pnpm: @ serve: `webpack serve`\nspawn ENOENT\n    at ChildProcess.<anonymous> (/home/embuntu/.cache/node/corepack/pnpm/6.32.9/dist/pnpm.cjs:92384:22)\n    at ChildProcess.emit (node:events:513:28)\n    at maybeClose (node:internal/child_process:1091:16)\n    at ChildProcess._handle.onexit (node:internal/child_process:302:5)"
    }
  },
  "2 warn pnpm:global": " Local package.json exists, but node_modules missing, did you mean to install?"
}